mode: count
github.com/larsth/go-rmsggpsbinmsg/fixmode.go:6.35,7.12 1 7
github.com/larsth/go-rmsggpsbinmsg/fixmode.go:17.2,17.32 1 1
github.com/larsth/go-rmsggpsbinmsg/fixmode.go:8.2,9.20 1 1
github.com/larsth/go-rmsggpsbinmsg/fixmode.go:10.2,11.16 1 1
github.com/larsth/go-rmsggpsbinmsg/fixmode.go:12.2,13.14 1 1
github.com/larsth/go-rmsggpsbinmsg/fixmode.go:14.2,15.14 1 3
github.com/larsth/go-rmsggpsbinmsg/fixmode.go:20.49,24.12 2 5
github.com/larsth/go-rmsggpsbinmsg/fixmode.go:38.2,38.31 1 1
github.com/larsth/go-rmsggpsbinmsg/fixmode.go:25.2,27.16 2 1
github.com/larsth/go-rmsggpsbinmsg/fixmode.go:28.2,30.16 2 1
github.com/larsth/go-rmsggpsbinmsg/fixmode.go:31.2,33.16 2 1
github.com/larsth/go-rmsggpsbinmsg/fixmode.go:34.2,36.16 2 1
github.com/larsth/go-rmsggpsbinmsg/fixmode.go:41.49,42.17 1 6
github.com/larsth/go-rmsggpsbinmsg/fixmode.go:46.2,46.14 1 5
github.com/larsth/go-rmsggpsbinmsg/fixmode.go:60.2,61.26 2 1
github.com/larsth/go-rmsggpsbinmsg/fixmode.go:42.17,45.3 2 1
github.com/larsth/go-rmsggpsbinmsg/fixmode.go:47.2,49.13 2 1
github.com/larsth/go-rmsggpsbinmsg/fixmode.go:50.2,52.13 2 1
github.com/larsth/go-rmsggpsbinmsg/fixmode.go:53.2,55.13 2 1
github.com/larsth/go-rmsggpsbinmsg/fixmode.go:56.2,58.13 2 1
github.com/larsth/go-rmsggpsbinmsg/fixmode.go:64.53,66.12 2 7
github.com/larsth/go-rmsggpsbinmsg/fixmode.go:80.2,82.8 3 2
github.com/larsth/go-rmsggpsbinmsg/fixmode.go:67.2,69.16 2 1
github.com/larsth/go-rmsggpsbinmsg/fixmode.go:70.2,72.16 2 1
github.com/larsth/go-rmsggpsbinmsg/fixmode.go:73.2,75.16 2 1
github.com/larsth/go-rmsggpsbinmsg/fixmode.go:76.2,78.16 2 2
github.com/larsth/go-rmsggpsbinmsg/fixmode.go:85.50,86.14 1 7
github.com/larsth/go-rmsggpsbinmsg/fixmode.go:100.2,101.26 2 2
github.com/larsth/go-rmsggpsbinmsg/fixmode.go:87.2,89.13 2 1
github.com/larsth/go-rmsggpsbinmsg/fixmode.go:90.2,92.13 2 1
github.com/larsth/go-rmsggpsbinmsg/fixmode.go:93.2,95.13 2 1
github.com/larsth/go-rmsggpsbinmsg/fixmode.go:96.2,98.13 2 2
github.com/larsth/go-rmsggpsbinmsg/gps.go:12.29,14.2 1 1
github.com/larsth/go-rmsggpsbinmsg/gps.go:16.29,18.2 1 1
github.com/larsth/go-rmsggpsbinmsg/gps.go:20.29,22.2 1 1
github.com/larsth/go-rmsggpsbinmsg/gps.go:24.33,26.2 1 1
github.com/larsth/go-rmsggpsbinmsg/gps.go:28.33,30.2 1 1
github.com/larsth/go-rmsggpsbinmsg/gps.go:32.33,34.2 1 1
github.com/larsth/go-rmsggpsbinmsg/init.go:11.13,13.2 1 1
github.com/larsth/go-rmsggpsbinmsg/init.go:15.25,28.2 4 2
github.com/larsth/go-rmsggpsbinmsg/misc.go:8.49,13.2 4 5
github.com/larsth/go-rmsggpsbinmsg/misc.go:15.66,18.2 2 4
github.com/larsth/go-rmsggpsbinmsg/misc.go:20.47,23.2 2 4
github.com/larsth/go-rmsggpsbinmsg/payload.go:30.81,36.23 3 13
github.com/larsth/go-rmsggpsbinmsg/payload.go:40.2,40.20 1 11
github.com/larsth/go-rmsggpsbinmsg/payload.go:44.2,44.26 1 9
github.com/larsth/go-rmsggpsbinmsg/payload.go:48.2,57.8 7 7
github.com/larsth/go-rmsggpsbinmsg/payload.go:36.23,39.3 2 2
github.com/larsth/go-rmsggpsbinmsg/payload.go:40.20,43.3 2 2
github.com/larsth/go-rmsggpsbinmsg/payload.go:44.26,47.3 2 2
github.com/larsth/go-rmsggpsbinmsg/payload.go:61.77,67.32 2 9
github.com/larsth/go-rmsggpsbinmsg/payload.go:72.2,72.77 1 8
github.com/larsth/go-rmsggpsbinmsg/payload.go:76.2,77.17 2 5
github.com/larsth/go-rmsggpsbinmsg/payload.go:80.2,80.12 1 3
github.com/larsth/go-rmsggpsbinmsg/payload.go:67.32,71.3 3 1
github.com/larsth/go-rmsggpsbinmsg/payload.go:72.77,74.3 1 3
github.com/larsth/go-rmsggpsbinmsg/payload.go:77.17,79.3 1 2
github.com/larsth/go-rmsggpsbinmsg/payload.go:83.59,87.23 3 14
github.com/larsth/go-rmsggpsbinmsg/payload.go:90.2,90.20 1 12
github.com/larsth/go-rmsggpsbinmsg/payload.go:93.2,95.12 3 10
github.com/larsth/go-rmsggpsbinmsg/payload.go:87.23,89.3 1 2
github.com/larsth/go-rmsggpsbinmsg/payload.go:90.20,92.3 1 2
github.com/larsth/go-rmsggpsbinmsg/payload.go:98.57,100.46 2 7
github.com/larsth/go-rmsggpsbinmsg/payload.go:103.2,103.15 1 5
github.com/larsth/go-rmsggpsbinmsg/payload.go:100.46,102.3 1 2
github.com/larsth/go-rmsggpsbinmsg/payload.go:106.60,114.33 6 4
github.com/larsth/go-rmsggpsbinmsg/payload.go:119.2,119.30 1 3
github.com/larsth/go-rmsggpsbinmsg/payload.go:124.2,130.16 3 2
github.com/larsth/go-rmsggpsbinmsg/payload.go:136.2,186.18 30 1
github.com/larsth/go-rmsggpsbinmsg/payload.go:114.33,118.3 2 1
github.com/larsth/go-rmsggpsbinmsg/payload.go:119.30,123.3 2 1
github.com/larsth/go-rmsggpsbinmsg/payload.go:130.16,132.3 1 1
github.com/larsth/go-rmsggpsbinmsg/payload.go:189.54,202.31 4 4
github.com/larsth/go-rmsggpsbinmsg/payload.go:208.2,214.16 4 3
github.com/larsth/go-rmsggpsbinmsg/payload.go:222.2,223.65 2 2
github.com/larsth/go-rmsggpsbinmsg/payload.go:227.2,245.12 12 1
github.com/larsth/go-rmsggpsbinmsg/payload.go:202.31,205.3 2 1
github.com/larsth/go-rmsggpsbinmsg/payload.go:214.16,216.3 1 1
github.com/larsth/go-rmsggpsbinmsg/payload.go:223.65,225.3 1 1
github.com/larsth/go-rmsggpsbinmsg/timestamp.go:17.51,19.2 1 1
github.com/larsth/go-rmsggpsbinmsg/timestamp.go:21.54,23.2 1 1
github.com/larsth/go-rmsggpsbinmsg/timestamp.go:25.74,45.2 13 2
github.com/larsth/go-rmsggpsbinmsg/timestamp.go:47.73,66.2 12 2
